2025-09-25 23:32:03,681 - INFO - [MainThread] - [Lock] Acquired lock file with PID 21808.
2025-09-25 23:32:03,682 - INFO - [MainThread] - [Model] Initializing WhisperX Web Client...
2025-09-25 23:32:03,682 - INFO - [MainThread] - [Model] WhisperX web client initialized. Target: http://localhost:5000
2025-09-25 23:32:03,682 - INFO - [MainThread] - [Model] Checking transcription server readiness...
2025-09-25 23:32:33,776 - INFO - [MainThread] - [Model] Transcription server is ready (200 OK).
2025-09-25 23:32:33,776 - INFO - [MainThread] - [Model] AI model client 'WhisperXWebClient' initialized successfully.
2025-09-25 23:32:33,783 - INFO - [MainThread] - [MPV] Connected to mpv via socket: /tmp/mpv-socket
2025-09-25 23:32:33,783 - INFO - [Thread-1] - [Video] New video loaded: 1_443914728.mp4
2025-09-25 23:32:33,784 - INFO - [MainThread] - [Service] Python service registered as 'ai_subtitle_service' and is ready.
2025-09-25 23:32:33,784 - INFO - [MainThread] - [Service] Service is now running. Waiting for mpv events...
2025-09-25 23:32:33,785 - INFO - [Thread-1] - [Video: 1_443914728.mp4...] Initialized new subtitle file: '1_443914728.ai.ass'
2025-09-25 23:32:33,787 - INFO - [AIEngine-1_44391472] - [Video: 1_443914728.mp4...] Worker thread started.
2025-09-25 23:32:33,787 - INFO - [Thread-1] - [Video: 1_443914728.mp4...] Engine initialized (Duration: 1670.63s, Chunks: 56).
2025-09-25 23:32:33,787 - INFO - [Thread-1] - [Engine] Created new transcription engine for '1_443914728.mp4'.
2025-09-25 23:32:33,798 - INFO - [Thread-1] - [Sub] Added new AI subtitle file: 1_443914728.ai.ass
2025-09-25 23:32:33,799 - INFO - [Thread-1] - [Playback] Playback paused.
2025-09-25 23:32:35,787 - INFO - [AIEngine-1_44391472] - [Video: 1_443914728.mp4...] Queueing IDLE chunk 0 (0.00s) with priority 1000000.00
2025-09-25 23:32:35,787 - INFO - [AIEngine-1_44391472] - [Video: 1_443914728.mp4...] Processing task: Chunk at 0.00s (P=1000000.00)
2025-09-25 23:32:35,866 - INFO - [AIEngine-1_44391472] - [API] Sending 959796 bytes for transcription.
2025-09-25 23:32:49,598 - INFO - [AIEngine-1_44391472] - [API] Received 7 segments from server.
2025-09-25 23:32:49,598 - INFO - [AIEngine-1_44391472] - [Video: 1_443914728.mp4...] Added 18 segments from chunk 0.00s. Total segments: 18.
2025-09-25 23:32:49,598 - INFO - [AIEngine-1_44391472] - [Video: 1_443914728.mp4...] Regenerating subtitle file with 18 total segments.
2025-09-25 23:32:51,607 - INFO - [AIEngine-1_44391472] - [Video: 1_443914728.mp4...] Queueing IDLE chunk 55 (1650.00s) with priority 1000055.00
2025-09-25 23:32:51,607 - INFO - [AIEngine-1_44391472] - [Video: 1_443914728.mp4...] Processing task: Chunk at 1650.00s (P=1000055.00)
2025-09-25 23:32:51,673 - INFO - [AIEngine-1_44391472] - [API] Sending 660310 bytes for transcription.
2025-09-25 23:32:55,156 - INFO - [AIEngine-1_44391472] - [API] Received 1 segments from server.
2025-09-25 23:32:55,157 - INFO - [AIEngine-1_44391472] - [Video: 1_443914728.mp4...] Added 10 segments from chunk 1650.00s. Total segments: 28.
2025-09-25 23:32:55,157 - INFO - [AIEngine-1_44391472] - [Video: 1_443914728.mp4...] Regenerating subtitle file with 28 total segments.
2025-09-25 23:32:57,176 - INFO - [AIEngine-1_44391472] - [Video: 1_443914728.mp4...] Queueing IDLE chunk 1 (30.00s) with priority 1000001.00
2025-09-25 23:32:57,176 - INFO - [AIEngine-1_44391472] - [Video: 1_443914728.mp4...] Processing task: Chunk at 30.00s (P=1000001.00)
2025-09-25 23:32:57,250 - INFO - [AIEngine-1_44391472] - [API] Sending 960000 bytes for transcription.
2025-09-25 23:33:01,427 - INFO - [AIEngine-1_44391472] - [API] Received 1 segments from server.
2025-09-25 23:33:01,427 - INFO - [AIEngine-1_44391472] - [Video: 1_443914728.mp4...] Added 16 segments from chunk 30.00s. Total segments: 44.
2025-09-25 23:33:01,428 - INFO - [AIEngine-1_44391472] - [Video: 1_443914728.mp4...] Regenerating subtitle file with 44 total segments.
2025-09-25 23:33:03,447 - INFO - [AIEngine-1_44391472] - [Video: 1_443914728.mp4...] Queueing IDLE chunk 54 (1620.00s) with priority 1000054.00
2025-09-25 23:33:03,447 - INFO - [AIEngine-1_44391472] - [Video: 1_443914728.mp4...] Processing task: Chunk at 1620.00s (P=1000054.00)
2025-09-25 23:33:03,518 - INFO - [AIEngine-1_44391472] - [API] Sending 960000 bytes for transcription.
2025-09-25 23:33:07,963 - INFO - [AIEngine-1_44391472] - [API] Received 1 segments from server.
2025-09-25 23:33:07,964 - INFO - [AIEngine-1_44391472] - [Video: 1_443914728.mp4...] Added 15 segments from chunk 1620.00s. Total segments: 59.
2025-09-25 23:33:07,964 - INFO - [AIEngine-1_44391472] - [Video: 1_443914728.mp4...] Regenerating subtitle file with 59 total segments.
2025-09-25 23:33:09,982 - INFO - [AIEngine-1_44391472] - [Video: 1_443914728.mp4...] Queueing IDLE chunk 2 (60.00s) with priority 1000002.00
2025-09-25 23:33:09,982 - INFO - [AIEngine-1_44391472] - [Video: 1_443914728.mp4...] Processing task: Chunk at 60.00s (P=1000002.00)
2025-09-25 23:33:10,054 - INFO - [AIEngine-1_44391472] - [API] Sending 960000 bytes for transcription.
2025-09-25 23:33:13,347 - INFO - [AIEngine-1_44391472] - [API] Received 1 segments from server.
2025-09-25 23:33:13,348 - INFO - [AIEngine-1_44391472] - [Video: 1_443914728.mp4...] Added 8 segments from chunk 60.00s. Total segments: 67.
2025-09-25 23:33:13,348 - INFO - [AIEngine-1_44391472] - [Video: 1_443914728.mp4...] Regenerating subtitle file with 67 total segments.
2025-09-25 23:33:15,365 - INFO - [AIEngine-1_44391472] - [Video: 1_443914728.mp4...] Queueing IDLE chunk 53 (1590.00s) with priority 1000053.00
2025-09-25 23:33:15,365 - INFO - [AIEngine-1_44391472] - [Video: 1_443914728.mp4...] Processing task: Chunk at 1590.00s (P=1000053.00)
2025-09-25 23:33:15,441 - INFO - [AIEngine-1_44391472] - [API] Sending 960000 bytes for transcription.
2025-09-25 23:33:19,947 - INFO - [AIEngine-1_44391472] - [API] Received 14 segments from server.
2025-09-25 23:33:19,947 - INFO - [AIEngine-1_44391472] - [Video: 1_443914728.mp4...] Added 24 segments from chunk 1590.00s. Total segments: 91.
2025-09-25 23:33:19,948 - INFO - [AIEngine-1_44391472] - [Video: 1_443914728.mp4...] Regenerating subtitle file with 91 total segments.
2025-09-25 23:33:21,967 - INFO - [AIEngine-1_44391472] - [Video: 1_443914728.mp4...] Queueing IDLE chunk 3 (90.00s) with priority 1000003.00
2025-09-25 23:33:21,967 - INFO - [AIEngine-1_44391472] - [Video: 1_443914728.mp4...] Processing task: Chunk at 90.00s (P=1000003.00)
2025-09-25 23:33:22,040 - INFO - [AIEngine-1_44391472] - [API] Sending 960000 bytes for transcription.
2025-09-25 23:33:25,372 - INFO - [AIEngine-1_44391472] - [API] Received 8 segments from server.
2025-09-25 23:33:25,372 - INFO - [AIEngine-1_44391472] - [Video: 1_443914728.mp4...] Added 9 segments from chunk 90.00s. Total segments: 100.
2025-09-25 23:33:25,372 - INFO - [AIEngine-1_44391472] - [Video: 1_443914728.mp4...] Regenerating subtitle file with 100 total segments.
2025-09-25 23:33:27,390 - INFO - [AIEngine-1_44391472] - [Video: 1_443914728.mp4...] Queueing IDLE chunk 52 (1560.00s) with priority 1000052.00
2025-09-25 23:33:27,390 - INFO - [AIEngine-1_44391472] - [Video: 1_443914728.mp4...] Processing task: Chunk at 1560.00s (P=1000052.00)
2025-09-25 23:33:27,463 - INFO - [AIEngine-1_44391472] - [API] Sending 960000 bytes for transcription.
2025-09-25 23:33:31,892 - INFO - [AIEngine-1_44391472] - [API] Received 10 segments from server.
2025-09-25 23:33:31,892 - INFO - [AIEngine-1_44391472] - [Video: 1_443914728.mp4...] Added 17 segments from chunk 1560.00s. Total segments: 117.
2025-09-25 23:33:31,893 - INFO - [AIEngine-1_44391472] - [Video: 1_443914728.mp4...] Regenerating subtitle file with 117 total segments.
2025-09-25 23:33:33,913 - INFO - [AIEngine-1_44391472] - [Video: 1_443914728.mp4...] Queueing IDLE chunk 4 (120.00s) with priority 1000004.00
2025-09-25 23:33:33,913 - INFO - [AIEngine-1_44391472] - [Video: 1_443914728.mp4...] Processing task: Chunk at 120.00s (P=1000004.00)
2025-09-25 23:33:33,988 - INFO - [AIEngine-1_44391472] - [API] Sending 960000 bytes for transcription.
2025-09-25 23:33:37,295 - INFO - [AIEngine-1_44391472] - [API] Received 10 segments from server.
2025-09-25 23:33:37,296 - INFO - [AIEngine-1_44391472] - [Video: 1_443914728.mp4...] Added 11 segments from chunk 120.00s. Total segments: 128.
2025-09-25 23:33:37,296 - INFO - [AIEngine-1_44391472] - [Video: 1_443914728.mp4...] Regenerating subtitle file with 128 total segments.
2025-09-25 23:33:39,313 - INFO - [AIEngine-1_44391472] - [Video: 1_443914728.mp4...] Queueing IDLE chunk 51 (1530.00s) with priority 1000051.00
2025-09-25 23:33:39,313 - INFO - [AIEngine-1_44391472] - [Video: 1_443914728.mp4...] Processing task: Chunk at 1530.00s (P=1000051.00)
2025-09-25 23:33:39,385 - INFO - [AIEngine-1_44391472] - [API] Sending 960000 bytes for transcription.
2025-09-25 23:33:43,257 - INFO - [AIEngine-1_44391472] - [API] Received 2 segments from server.
2025-09-25 23:33:43,258 - INFO - [AIEngine-1_44391472] - [Video: 1_443914728.mp4...] Added 15 segments from chunk 1530.00s. Total segments: 143.
2025-09-25 23:33:43,259 - INFO - [AIEngine-1_44391472] - [Video: 1_443914728.mp4...] Regenerating subtitle file with 143 total segments.
2025-09-25 23:33:45,276 - INFO - [AIEngine-1_44391472] - [Video: 1_443914728.mp4...] Queueing IDLE chunk 5 (150.00s) with priority 1000005.00
2025-09-25 23:33:45,276 - INFO - [AIEngine-1_44391472] - [Video: 1_443914728.mp4...] Processing task: Chunk at 150.00s (P=1000005.00)
2025-09-25 23:33:45,349 - INFO - [AIEngine-1_44391472] - [API] Sending 960000 bytes for transcription.
2025-09-25 23:33:48,119 - INFO - [AIEngine-1_44391472] - [API] Received 1 segments from server.
2025-09-25 23:33:48,119 - INFO - [AIEngine-1_44391472] - [Video: 1_443914728.mp4...] Added 1 segments from chunk 150.00s. Total segments: 144.
2025-09-25 23:33:48,119 - INFO - [AIEngine-1_44391472] - [Video: 1_443914728.mp4...] Regenerating subtitle file with 144 total segments.
2025-09-25 23:33:50,137 - INFO - [AIEngine-1_44391472] - [Video: 1_443914728.mp4...] Queueing IDLE chunk 50 (1500.00s) with priority 1000050.00
2025-09-25 23:33:50,137 - INFO - [AIEngine-1_44391472] - [Video: 1_443914728.mp4...] Processing task: Chunk at 1500.00s (P=1000050.00)
2025-09-25 23:33:50,207 - INFO - [AIEngine-1_44391472] - [API] Sending 960000 bytes for transcription.
2025-09-25 23:33:54,637 - INFO - [AIEngine-1_44391472] - [API] Received 1 segments from server.
2025-09-25 23:33:54,638 - INFO - [AIEngine-1_44391472] - [Video: 1_443914728.mp4...] Added 15 segments from chunk 1500.00s. Total segments: 159.
2025-09-25 23:33:54,638 - INFO - [AIEngine-1_44391472] - [Video: 1_443914728.mp4...] Regenerating subtitle file with 159 total segments.
2025-09-25 23:33:56,657 - INFO - [AIEngine-1_44391472] - [Video: 1_443914728.mp4...] Queueing IDLE chunk 6 (180.00s) with priority 1000006.00
2025-09-25 23:33:56,657 - INFO - [AIEngine-1_44391472] - [Video: 1_443914728.mp4...] Processing task: Chunk at 180.00s (P=1000006.00)
2025-09-25 23:33:56,742 - INFO - [AIEngine-1_44391472] - [API] Sending 960000 bytes for transcription.
2025-09-25 23:33:59,948 - INFO - [AIEngine-1_44391472] - [API] Received 3 segments from server.
2025-09-25 23:33:59,948 - INFO - [AIEngine-1_44391472] - [Video: 1_443914728.mp4...] Added 4 segments from chunk 180.00s. Total segments: 163.
2025-09-25 23:33:59,948 - INFO - [AIEngine-1_44391472] - [Video: 1_443914728.mp4...] Regenerating subtitle file with 163 total segments.
2025-09-25 23:34:01,969 - INFO - [AIEngine-1_44391472] - [Video: 1_443914728.mp4...] Queueing IDLE chunk 49 (1470.00s) with priority 1000049.00
2025-09-25 23:34:01,969 - INFO - [AIEngine-1_44391472] - [Video: 1_443914728.mp4...] Processing task: Chunk at 1470.00s (P=1000049.00)
2025-09-25 23:34:02,044 - INFO - [AIEngine-1_44391472] - [API] Sending 960000 bytes for transcription.
2025-09-25 23:34:06,292 - INFO - [AIEngine-1_44391472] - [API] Received 1 segments from server.
2025-09-25 23:34:06,293 - INFO - [AIEngine-1_44391472] - [Video: 1_443914728.mp4...] Added 15 segments from chunk 1470.00s. Total segments: 178.
2025-09-25 23:34:06,293 - INFO - [AIEngine-1_44391472] - [Video: 1_443914728.mp4...] Regenerating subtitle file with 178 total segments.
2025-09-25 23:34:08,311 - INFO - [AIEngine-1_44391472] - [Video: 1_443914728.mp4...] Queueing IDLE chunk 7 (210.00s) with priority 1000007.00
2025-09-25 23:34:08,311 - INFO - [AIEngine-1_44391472] - [Video: 1_443914728.mp4...] Processing task: Chunk at 210.00s (P=1000007.00)
2025-09-25 23:34:08,389 - INFO - [AIEngine-1_44391472] - [API] Sending 960000 bytes for transcription.
2025-09-25 23:34:11,701 - INFO - [AIEngine-1_44391472] - [API] Received 5 segments from server.
2025-09-25 23:34:11,701 - INFO - [AIEngine-1_44391472] - [Video: 1_443914728.mp4...] Added 6 segments from chunk 210.00s. Total segments: 184.
2025-09-25 23:34:11,701 - INFO - [AIEngine-1_44391472] - [Video: 1_443914728.mp4...] Regenerating subtitle file with 184 total segments.
2025-09-25 23:34:13,722 - INFO - [AIEngine-1_44391472] - [Video: 1_443914728.mp4...] Queueing IDLE chunk 48 (1440.00s) with priority 1000048.00
2025-09-25 23:34:13,723 - INFO - [AIEngine-1_44391472] - [Video: 1_443914728.mp4...] Processing task: Chunk at 1440.00s (P=1000048.00)
2025-09-25 23:34:13,807 - INFO - [AIEngine-1_44391472] - [API] Sending 960000 bytes for transcription.
2025-09-25 23:34:17,960 - INFO - [AIEngine-1_44391472] - [API] Received 1 segments from server.
2025-09-25 23:34:17,961 - INFO - [AIEngine-1_44391472] - [Video: 1_443914728.mp4...] Added 14 segments from chunk 1440.00s. Total segments: 198.
2025-09-25 23:34:17,961 - INFO - [AIEngine-1_44391472] - [Video: 1_443914728.mp4...] Regenerating subtitle file with 198 total segments.
2025-09-25 23:34:19,985 - INFO - [AIEngine-1_44391472] - [Video: 1_443914728.mp4...] Queueing IDLE chunk 8 (240.00s) with priority 1000008.00
2025-09-25 23:34:19,985 - INFO - [AIEngine-1_44391472] - [Video: 1_443914728.mp4...] Processing task: Chunk at 240.00s (P=1000008.00)
2025-09-25 23:34:20,068 - INFO - [AIEngine-1_44391472] - [API] Sending 960000 bytes for transcription.
2025-09-25 23:34:23,207 - INFO - [AIEngine-1_44391472] - [API] Received 5 segments from server.
2025-09-25 23:34:23,208 - INFO - [AIEngine-1_44391472] - [Video: 1_443914728.mp4...] Added 6 segments from chunk 240.00s. Total segments: 204.
2025-09-25 23:34:23,208 - INFO - [AIEngine-1_44391472] - [Video: 1_443914728.mp4...] Regenerating subtitle file with 204 total segments.
2025-09-25 23:34:25,227 - INFO - [AIEngine-1_44391472] - [Video: 1_443914728.mp4...] Queueing IDLE chunk 47 (1410.00s) with priority 1000047.00
2025-09-25 23:34:25,227 - INFO - [AIEngine-1_44391472] - [Video: 1_443914728.mp4...] Processing task: Chunk at 1410.00s (P=1000047.00)
2025-09-25 23:34:25,317 - INFO - [AIEngine-1_44391472] - [API] Sending 960000 bytes for transcription.
2025-09-25 23:34:29,191 - INFO - [AIEngine-1_44391472] - [API] Received 1 segments from server.
2025-09-25 23:34:29,191 - INFO - [AIEngine-1_44391472] - [Video: 1_443914728.mp4...] Added 15 segments from chunk 1410.00s. Total segments: 219.
2025-09-25 23:34:29,191 - INFO - [AIEngine-1_44391472] - [Video: 1_443914728.mp4...] Regenerating subtitle file with 219 total segments.
2025-09-25 23:34:31,211 - INFO - [AIEngine-1_44391472] - [Video: 1_443914728.mp4...] Queueing IDLE chunk 9 (270.00s) with priority 1000009.00
2025-09-25 23:34:31,211 - INFO - [AIEngine-1_44391472] - [Video: 1_443914728.mp4...] Processing task: Chunk at 270.00s (P=1000009.00)
2025-09-25 23:34:31,290 - INFO - [AIEngine-1_44391472] - [API] Sending 960000 bytes for transcription.
2025-09-25 23:34:34,829 - INFO - [AIEngine-1_44391472] - [API] Received 8 segments from server.
2025-09-25 23:34:34,830 - INFO - [AIEngine-1_44391472] - [Video: 1_443914728.mp4...] Added 11 segments from chunk 270.00s. Total segments: 230.
2025-09-25 23:34:34,830 - INFO - [AIEngine-1_44391472] - [Video: 1_443914728.mp4...] Regenerating subtitle file with 230 total segments.
2025-09-25 23:34:36,853 - INFO - [AIEngine-1_44391472] - [Video: 1_443914728.mp4...] Queueing IDLE chunk 46 (1380.00s) with priority 1000046.00
2025-09-25 23:34:36,853 - INFO - [AIEngine-1_44391472] - [Video: 1_443914728.mp4...] Processing task: Chunk at 1380.00s (P=1000046.00)
2025-09-25 23:34:36,936 - INFO - [AIEngine-1_44391472] - [API] Sending 960000 bytes for transcription.
2025-09-25 23:34:41,323 - INFO - [AIEngine-1_44391472] - [API] Received 1 segments from server.
2025-09-25 23:34:41,324 - INFO - [AIEngine-1_44391472] - [Video: 1_443914728.mp4...] Added 14 segments from chunk 1380.00s. Total segments: 244.
2025-09-25 23:34:41,324 - INFO - [AIEngine-1_44391472] - [Video: 1_443914728.mp4...] Regenerating subtitle file with 244 total segments.
2025-09-25 23:34:43,344 - INFO - [AIEngine-1_44391472] - [Video: 1_443914728.mp4...] Queueing IDLE chunk 10 (300.00s) with priority 1000010.00
2025-09-25 23:34:43,344 - INFO - [AIEngine-1_44391472] - [Video: 1_443914728.mp4...] Processing task: Chunk at 300.00s (P=1000010.00)
2025-09-25 23:34:43,429 - INFO - [AIEngine-1_44391472] - [API] Sending 960000 bytes for transcription.
2025-09-25 23:34:46,252 - INFO - [AIEngine-1_44391472] - [API] Received 3 segments from server.
2025-09-25 23:34:46,253 - INFO - [AIEngine-1_44391472] - [Video: 1_443914728.mp4...] Added 4 segments from chunk 300.00s. Total segments: 248.
2025-09-25 23:34:46,253 - INFO - [AIEngine-1_44391472] - [Video: 1_443914728.mp4...] Regenerating subtitle file with 248 total segments.
2025-09-25 23:34:48,270 - INFO - [AIEngine-1_44391472] - [Video: 1_443914728.mp4...] Queueing IDLE chunk 45 (1350.00s) with priority 1000045.00
2025-09-25 23:34:48,270 - INFO - [AIEngine-1_44391472] - [Video: 1_443914728.mp4...] Processing task: Chunk at 1350.00s (P=1000045.00)
2025-09-25 23:34:48,343 - INFO - [AIEngine-1_44391472] - [API] Sending 960000 bytes for transcription.
2025-09-25 23:34:52,123 - INFO - [AIEngine-1_44391472] - [API] Received 1 segments from server.
2025-09-25 23:34:52,123 - INFO - [AIEngine-1_44391472] - [Video: 1_443914728.mp4...] Added 13 segments from chunk 1350.00s. Total segments: 261.
2025-09-25 23:34:52,123 - INFO - [AIEngine-1_44391472] - [Video: 1_443914728.mp4...] Regenerating subtitle file with 261 total segments.
2025-09-25 23:34:54,141 - INFO - [AIEngine-1_44391472] - [Video: 1_443914728.mp4...] Queueing IDLE chunk 11 (330.00s) with priority 1000011.00
2025-09-25 23:34:54,141 - INFO - [AIEngine-1_44391472] - [Video: 1_443914728.mp4...] Processing task: Chunk at 330.00s (P=1000011.00)
2025-09-25 23:34:54,215 - INFO - [AIEngine-1_44391472] - [API] Sending 960000 bytes for transcription.
2025-09-25 23:34:58,160 - INFO - [AIEngine-1_44391472] - [API] Received 10 segments from server.
2025-09-25 23:34:58,160 - INFO - [AIEngine-1_44391472] - [Video: 1_443914728.mp4...] Added 13 segments from chunk 330.00s. Total segments: 274.
2025-09-25 23:34:58,160 - INFO - [AIEngine-1_44391472] - [Video: 1_443914728.mp4...] Regenerating subtitle file with 274 total segments.
2025-09-25 23:35:00,179 - INFO - [AIEngine-1_44391472] - [Video: 1_443914728.mp4...] Queueing IDLE chunk 44 (1320.00s) with priority 1000044.00
2025-09-25 23:35:00,179 - INFO - [AIEngine-1_44391472] - [Video: 1_443914728.mp4...] Processing task: Chunk at 1320.00s (P=1000044.00)
2025-09-25 23:35:00,249 - INFO - [AIEngine-1_44391472] - [API] Sending 960000 bytes for transcription.
2025-09-25 23:35:04,485 - INFO - [AIEngine-1_44391472] - [API] Received 11 segments from server.
2025-09-25 23:35:04,486 - INFO - [AIEngine-1_44391472] - [Video: 1_443914728.mp4...] Added 18 segments from chunk 1320.00s. Total segments: 292.
2025-09-25 23:35:04,486 - INFO - [AIEngine-1_44391472] - [Video: 1_443914728.mp4...] Regenerating subtitle file with 292 total segments.
2025-09-25 23:35:06,503 - INFO - [AIEngine-1_44391472] - [Video: 1_443914728.mp4...] Queueing IDLE chunk 12 (360.00s) with priority 1000012.00
2025-09-25 23:35:06,503 - INFO - [AIEngine-1_44391472] - [Video: 1_443914728.mp4...] Processing task: Chunk at 360.00s (P=1000012.00)
2025-09-25 23:35:06,576 - INFO - [AIEngine-1_44391472] - [API] Sending 960000 bytes for transcription.
2025-09-25 23:35:10,448 - INFO - [AIEngine-1_44391472] - [API] Received 13 segments from server.
2025-09-25 23:35:10,449 - INFO - [AIEngine-1_44391472] - [Video: 1_443914728.mp4...] Added 17 segments from chunk 360.00s. Total segments: 309.
2025-09-25 23:35:10,449 - INFO - [AIEngine-1_44391472] - [Video: 1_443914728.mp4...] Regenerating subtitle file with 309 total segments.
2025-09-25 23:35:12,469 - INFO - [AIEngine-1_44391472] - [Video: 1_443914728.mp4...] Queueing IDLE chunk 43 (1290.00s) with priority 1000043.00
2025-09-25 23:35:12,469 - INFO - [AIEngine-1_44391472] - [Video: 1_443914728.mp4...] Processing task: Chunk at 1290.00s (P=1000043.00)
2025-09-25 23:35:12,538 - INFO - [AIEngine-1_44391472] - [API] Sending 960000 bytes for transcription.
2025-09-25 23:35:15,785 - INFO - [AIEngine-1_44391472] - [API] Received 5 segments from server.
2025-09-25 23:35:15,786 - INFO - [AIEngine-1_44391472] - [Video: 1_443914728.mp4...] Added 8 segments from chunk 1290.00s. Total segments: 317.
2025-09-25 23:35:15,786 - INFO - [AIEngine-1_44391472] - [Video: 1_443914728.mp4...] Regenerating subtitle file with 317 total segments.
2025-09-25 23:35:17,804 - INFO - [AIEngine-1_44391472] - [Video: 1_443914728.mp4...] Queueing IDLE chunk 13 (390.00s) with priority 1000013.00
2025-09-25 23:35:17,804 - INFO - [AIEngine-1_44391472] - [Video: 1_443914728.mp4...] Processing task: Chunk at 390.00s (P=1000013.00)
2025-09-25 23:35:17,879 - INFO - [AIEngine-1_44391472] - [API] Sending 960000 bytes for transcription.
2025-09-25 23:35:20,741 - INFO - [AIEngine-1_44391472] - [API] Received 4 segments from server.
2025-09-25 23:35:20,741 - INFO - [AIEngine-1_44391472] - [Video: 1_443914728.mp4...] Added 6 segments from chunk 390.00s. Total segments: 323.
2025-09-25 23:35:20,742 - INFO - [AIEngine-1_44391472] - [Video: 1_443914728.mp4...] Regenerating subtitle file with 323 total segments.
2025-09-25 23:35:22,759 - INFO - [AIEngine-1_44391472] - [Video: 1_443914728.mp4...] Queueing IDLE chunk 42 (1260.00s) with priority 1000042.00
2025-09-25 23:35:22,759 - INFO - [AIEngine-1_44391472] - [Video: 1_443914728.mp4...] Processing task: Chunk at 1260.00s (P=1000042.00)
2025-09-25 23:35:22,831 - INFO - [AIEngine-1_44391472] - [API] Sending 960000 bytes for transcription.
2025-09-25 23:35:26,271 - INFO - [AIEngine-1_44391472] - [API] Received 1 segments from server.
2025-09-25 23:35:26,271 - INFO - [AIEngine-1_44391472] - [Video: 1_443914728.mp4...] Added 8 segments from chunk 1260.00s. Total segments: 331.
2025-09-25 23:35:26,271 - INFO - [AIEngine-1_44391472] - [Video: 1_443914728.mp4...] Regenerating subtitle file with 331 total segments.
2025-09-25 23:35:28,290 - INFO - [AIEngine-1_44391472] - [Video: 1_443914728.mp4...] Queueing IDLE chunk 14 (420.00s) with priority 1000014.00
2025-09-25 23:35:28,290 - INFO - [AIEngine-1_44391472] - [Video: 1_443914728.mp4...] Processing task: Chunk at 420.00s (P=1000014.00)
2025-09-25 23:35:28,362 - INFO - [AIEngine-1_44391472] - [API] Sending 960000 bytes for transcription.
2025-09-25 23:35:31,673 - INFO - [AIEngine-1_44391472] - [API] Received 6 segments from server.
2025-09-25 23:35:31,674 - INFO - [AIEngine-1_44391472] - [Video: 1_443914728.mp4...] Added 9 segments from chunk 420.00s. Total segments: 340.
2025-09-25 23:35:31,674 - INFO - [AIEngine-1_44391472] - [Video: 1_443914728.mp4...] Regenerating subtitle file with 340 total segments.
2025-09-25 23:35:33,694 - INFO - [AIEngine-1_44391472] - [Video: 1_443914728.mp4...] Queueing IDLE chunk 41 (1230.00s) with priority 1000041.00
2025-09-25 23:35:33,694 - INFO - [AIEngine-1_44391472] - [Video: 1_443914728.mp4...] Processing task: Chunk at 1230.00s (P=1000041.00)
2025-09-25 23:35:33,764 - INFO - [AIEngine-1_44391472] - [API] Sending 960000 bytes for transcription.
2025-09-25 23:35:36,609 - INFO - [AIEngine-1_44391472] - [API] Received 4 segments from server.
2025-09-25 23:35:36,609 - INFO - [AIEngine-1_44391472] - [Video: 1_443914728.mp4...] Added 6 segments from chunk 1230.00s. Total segments: 346.
2025-09-25 23:35:36,610 - INFO - [AIEngine-1_44391472] - [Video: 1_443914728.mp4...] Regenerating subtitle file with 346 total segments.
2025-09-25 23:35:38,629 - INFO - [AIEngine-1_44391472] - [Video: 1_443914728.mp4...] Queueing IDLE chunk 15 (450.00s) with priority 1000015.00
2025-09-25 23:35:38,629 - INFO - [AIEngine-1_44391472] - [Video: 1_443914728.mp4...] Processing task: Chunk at 450.00s (P=1000015.00)
2025-09-25 23:35:38,701 - INFO - [AIEngine-1_44391472] - [API] Sending 960000 bytes for transcription.
2025-09-25 23:35:41,702 - INFO - [AIEngine-1_44391472] - [API] Received 4 segments from server.
2025-09-25 23:35:41,703 - INFO - [AIEngine-1_44391472] - [Video: 1_443914728.mp4...] Added 6 segments from chunk 450.00s. Total segments: 352.
2025-09-25 23:35:41,703 - INFO - [AIEngine-1_44391472] - [Video: 1_443914728.mp4...] Regenerating subtitle file with 352 total segments.
2025-09-25 23:35:43,722 - INFO - [AIEngine-1_44391472] - [Video: 1_443914728.mp4...] Queueing IDLE chunk 40 (1200.00s) with priority 1000040.00
2025-09-25 23:35:43,722 - INFO - [AIEngine-1_44391472] - [Video: 1_443914728.mp4...] Processing task: Chunk at 1200.00s (P=1000040.00)
2025-09-25 23:35:43,795 - INFO - [AIEngine-1_44391472] - [API] Sending 960000 bytes for transcription.
2025-09-25 23:35:47,284 - INFO - [AIEngine-1_44391472] - [API] Received 10 segments from server.
2025-09-25 23:35:47,284 - INFO - [AIEngine-1_44391472] - [Video: 1_443914728.mp4...] Added 15 segments from chunk 1200.00s. Total segments: 367.
2025-09-25 23:35:47,285 - INFO - [AIEngine-1_44391472] - [Video: 1_443914728.mp4...] Regenerating subtitle file with 367 total segments.
2025-09-25 23:35:49,306 - INFO - [AIEngine-1_44391472] - [Video: 1_443914728.mp4...] Queueing IDLE chunk 16 (480.00s) with priority 1000016.00
2025-09-25 23:35:49,306 - INFO - [AIEngine-1_44391472] - [Video: 1_443914728.mp4...] Processing task: Chunk at 480.00s (P=1000016.00)
2025-09-25 23:35:49,383 - INFO - [AIEngine-1_44391472] - [API] Sending 960000 bytes for transcription.
2025-09-25 23:35:52,407 - INFO - [AIEngine-1_44391472] - [API] Received 3 segments from server.
2025-09-25 23:35:52,408 - INFO - [AIEngine-1_44391472] - [Video: 1_443914728.mp4...] Added 8 segments from chunk 480.00s. Total segments: 375.
2025-09-25 23:35:52,408 - INFO - [AIEngine-1_44391472] - [Video: 1_443914728.mp4...] Regenerating subtitle file with 375 total segments.
2025-09-25 23:35:54,428 - INFO - [AIEngine-1_44391472] - [Video: 1_443914728.mp4...] Queueing IDLE chunk 39 (1170.00s) with priority 1000039.00
2025-09-25 23:35:54,428 - INFO - [AIEngine-1_44391472] - [Video: 1_443914728.mp4...] Processing task: Chunk at 1170.00s (P=1000039.00)
2025-09-25 23:35:54,499 - INFO - [AIEngine-1_44391472] - [API] Sending 960000 bytes for transcription.
2025-09-25 23:35:57,406 - INFO - [AIEngine-1_44391472] - [API] Received 2 segments from server.
2025-09-25 23:35:57,407 - INFO - [AIEngine-1_44391472] - [Video: 1_443914728.mp4...] Added 4 segments from chunk 1170.00s. Total segments: 379.
2025-09-25 23:35:57,407 - INFO - [AIEngine-1_44391472] - [Video: 1_443914728.mp4...] Regenerating subtitle file with 379 total segments.
2025-09-25 23:35:59,425 - INFO - [AIEngine-1_44391472] - [Video: 1_443914728.mp4...] Queueing IDLE chunk 17 (510.00s) with priority 1000017.00
2025-09-25 23:35:59,425 - INFO - [AIEngine-1_44391472] - [Video: 1_443914728.mp4...] Processing task: Chunk at 510.00s (P=1000017.00)
2025-09-25 23:35:59,500 - INFO - [AIEngine-1_44391472] - [API] Sending 960000 bytes for transcription.
2025-09-25 23:36:03,510 - INFO - [AIEngine-1_44391472] - [API] Received 12 segments from server.
2025-09-25 23:36:03,511 - INFO - [AIEngine-1_44391472] - [Video: 1_443914728.mp4...] Added 19 segments from chunk 510.00s. Total segments: 398.
2025-09-25 23:36:03,511 - INFO - [AIEngine-1_44391472] - [Video: 1_443914728.mp4...] Regenerating subtitle file with 398 total segments.
2025-09-25 23:36:05,531 - INFO - [AIEngine-1_44391472] - [Video: 1_443914728.mp4...] Queueing IDLE chunk 38 (1140.00s) with priority 1000038.00
2025-09-25 23:36:05,531 - INFO - [AIEngine-1_44391472] - [Video: 1_443914728.mp4...] Processing task: Chunk at 1140.00s (P=1000038.00)
2025-09-25 23:36:05,605 - INFO - [AIEngine-1_44391472] - [API] Sending 960000 bytes for transcription.
2025-09-25 23:36:08,980 - INFO - [AIEngine-1_44391472] - [API] Received 5 segments from server.
2025-09-25 23:36:08,980 - INFO - [AIEngine-1_44391472] - [Video: 1_443914728.mp4...] Added 8 segments from chunk 1140.00s. Total segments: 406.
2025-09-25 23:36:08,980 - INFO - [AIEngine-1_44391472] - [Video: 1_443914728.mp4...] Regenerating subtitle file with 406 total segments.
2025-09-25 23:36:11,001 - INFO - [AIEngine-1_44391472] - [Video: 1_443914728.mp4...] Queueing IDLE chunk 18 (540.00s) with priority 1000018.00
2025-09-25 23:36:11,001 - INFO - [AIEngine-1_44391472] - [Video: 1_443914728.mp4...] Processing task: Chunk at 540.00s (P=1000018.00)
2025-09-25 23:36:11,073 - INFO - [AIEngine-1_44391472] - [API] Sending 960000 bytes for transcription.
2025-09-25 23:36:14,071 - INFO - [AIEngine-1_44391472] - [API] Received 1 segments from server.
2025-09-25 23:36:14,071 - INFO - [AIEngine-1_44391472] - [Video: 1_443914728.mp4...] Added 4 segments from chunk 540.00s. Total segments: 410.
2025-09-25 23:36:14,071 - INFO - [AIEngine-1_44391472] - [Video: 1_443914728.mp4...] Regenerating subtitle file with 410 total segments.
2025-09-25 23:36:16,091 - INFO - [AIEngine-1_44391472] - [Video: 1_443914728.mp4...] Queueing IDLE chunk 37 (1110.00s) with priority 1000037.00
2025-09-25 23:36:16,091 - INFO - [AIEngine-1_44391472] - [Video: 1_443914728.mp4...] Processing task: Chunk at 1110.00s (P=1000037.00)
2025-09-25 23:36:16,166 - INFO - [AIEngine-1_44391472] - [API] Sending 960000 bytes for transcription.
2025-09-25 23:36:19,178 - INFO - [AIEngine-1_44391472] - [API] Received 4 segments from server.
2025-09-25 23:36:19,179 - INFO - [AIEngine-1_44391472] - [Video: 1_443914728.mp4...] Added 6 segments from chunk 1110.00s. Total segments: 416.
2025-09-25 23:36:19,179 - INFO - [AIEngine-1_44391472] - [Video: 1_443914728.mp4...] Regenerating subtitle file with 416 total segments.
2025-09-25 23:36:21,197 - INFO - [AIEngine-1_44391472] - [Video: 1_443914728.mp4...] Queueing IDLE chunk 19 (570.00s) with priority 1000019.00
2025-09-25 23:36:21,197 - INFO - [AIEngine-1_44391472] - [Video: 1_443914728.mp4...] Processing task: Chunk at 570.00s (P=1000019.00)
2025-09-25 23:36:21,278 - INFO - [AIEngine-1_44391472] - [API] Sending 960000 bytes for transcription.
2025-09-25 23:36:24,001 - INFO - [AIEngine-1_44391472] - [API] Received 1 segments from server.
2025-09-25 23:36:24,001 - INFO - [AIEngine-1_44391472] - [Video: 1_443914728.mp4...] Added 3 segments from chunk 570.00s. Total segments: 419.
2025-09-25 23:36:24,001 - INFO - [AIEngine-1_44391472] - [Video: 1_443914728.mp4...] Regenerating subtitle file with 419 total segments.
2025-09-25 23:36:26,020 - INFO - [AIEngine-1_44391472] - [Video: 1_443914728.mp4...] Queueing IDLE chunk 36 (1080.00s) with priority 1000036.00
2025-09-25 23:36:26,020 - INFO - [AIEngine-1_44391472] - [Video: 1_443914728.mp4...] Processing task: Chunk at 1080.00s (P=1000036.00)
2025-09-25 23:36:26,093 - INFO - [AIEngine-1_44391472] - [API] Sending 960000 bytes for transcription.
2025-09-25 23:36:29,222 - INFO - [AIEngine-1_44391472] - [API] Received 7 segments from server.
2025-09-25 23:36:29,222 - INFO - [AIEngine-1_44391472] - [Video: 1_443914728.mp4...] Added 8 segments from chunk 1080.00s. Total segments: 427.
2025-09-25 23:36:29,223 - INFO - [AIEngine-1_44391472] - [Video: 1_443914728.mp4...] Regenerating subtitle file with 427 total segments.
2025-09-25 23:36:31,243 - INFO - [AIEngine-1_44391472] - [Video: 1_443914728.mp4...] Queueing IDLE chunk 20 (600.00s) with priority 1000020.00
2025-09-25 23:36:31,243 - INFO - [AIEngine-1_44391472] - [Video: 1_443914728.mp4...] Processing task: Chunk at 600.00s (P=1000020.00)
2025-09-25 23:36:31,312 - INFO - [AIEngine-1_44391472] - [API] Sending 960000 bytes for transcription.
2025-09-25 23:36:34,214 - INFO - [AIEngine-1_44391472] - [API] Received 5 segments from server.
2025-09-25 23:36:34,214 - INFO - [AIEngine-1_44391472] - [Video: 1_443914728.mp4...] Added 5 segments from chunk 600.00s. Total segments: 432.
2025-09-25 23:36:34,214 - INFO - [AIEngine-1_44391472] - [Video: 1_443914728.mp4...] Regenerating subtitle file with 432 total segments.
2025-09-25 23:36:36,234 - INFO - [AIEngine-1_44391472] - [Video: 1_443914728.mp4...] Queueing IDLE chunk 35 (1050.00s) with priority 1000035.00
2025-09-25 23:36:36,234 - INFO - [AIEngine-1_44391472] - [Video: 1_443914728.mp4...] Processing task: Chunk at 1050.00s (P=1000035.00)
2025-09-25 23:36:36,305 - INFO - [AIEngine-1_44391472] - [API] Sending 960000 bytes for transcription.
2025-09-25 23:36:39,209 - INFO - [AIEngine-1_44391472] - [API] Received 3 segments from server.
2025-09-25 23:36:39,209 - INFO - [AIEngine-1_44391472] - [Video: 1_443914728.mp4...] Added 6 segments from chunk 1050.00s. Total segments: 438.
2025-09-25 23:36:39,209 - INFO - [AIEngine-1_44391472] - [Video: 1_443914728.mp4...] Regenerating subtitle file with 438 total segments.
2025-09-25 23:36:41,229 - INFO - [AIEngine-1_44391472] - [Video: 1_443914728.mp4...] Queueing IDLE chunk 21 (630.00s) with priority 1000021.00
2025-09-25 23:36:41,229 - INFO - [AIEngine-1_44391472] - [Video: 1_443914728.mp4...] Processing task: Chunk at 630.00s (P=1000021.00)
2025-09-25 23:36:41,302 - INFO - [AIEngine-1_44391472] - [API] Sending 960000 bytes for transcription.
2025-09-25 23:36:44,232 - INFO - [AIEngine-1_44391472] - [API] Received 4 segments from server.
2025-09-25 23:36:44,233 - INFO - [AIEngine-1_44391472] - [Video: 1_443914728.mp4...] Added 5 segments from chunk 630.00s. Total segments: 443.
2025-09-25 23:36:44,233 - INFO - [AIEngine-1_44391472] - [Video: 1_443914728.mp4...] Regenerating subtitle file with 443 total segments.
2025-09-25 23:36:46,252 - INFO - [AIEngine-1_44391472] - [Video: 1_443914728.mp4...] Queueing IDLE chunk 34 (1020.00s) with priority 1000034.00
2025-09-25 23:36:46,252 - INFO - [AIEngine-1_44391472] - [Video: 1_443914728.mp4...] Processing task: Chunk at 1020.00s (P=1000034.00)
2025-09-25 23:36:46,340 - INFO - [AIEngine-1_44391472] - [API] Sending 960000 bytes for transcription.
2025-09-25 23:36:49,381 - INFO - [AIEngine-1_44391472] - [API] Received 5 segments from server.
2025-09-25 23:36:49,382 - INFO - [AIEngine-1_44391472] - [Video: 1_443914728.mp4...] Added 7 segments from chunk 1020.00s. Total segments: 450.
2025-09-25 23:36:49,382 - INFO - [AIEngine-1_44391472] - [Video: 1_443914728.mp4...] Regenerating subtitle file with 450 total segments.
2025-09-25 23:36:51,405 - INFO - [AIEngine-1_44391472] - [Video: 1_443914728.mp4...] Queueing IDLE chunk 22 (660.00s) with priority 1000022.00
2025-09-25 23:36:51,405 - INFO - [AIEngine-1_44391472] - [Video: 1_443914728.mp4...] Processing task: Chunk at 660.00s (P=1000022.00)
2025-09-25 23:36:51,495 - INFO - [AIEngine-1_44391472] - [API] Sending 960000 bytes for transcription.
2025-09-25 23:36:54,441 - INFO - [AIEngine-1_44391472] - [API] Received 3 segments from server.
2025-09-25 23:36:54,441 - INFO - [AIEngine-1_44391472] - [Video: 1_443914728.mp4...] Added 4 segments from chunk 660.00s. Total segments: 454.
2025-09-25 23:36:54,441 - INFO - [AIEngine-1_44391472] - [Video: 1_443914728.mp4...] Regenerating subtitle file with 454 total segments.
2025-09-25 23:36:56,460 - INFO - [AIEngine-1_44391472] - [Video: 1_443914728.mp4...] Queueing IDLE chunk 33 (990.00s) with priority 1000033.00
2025-09-25 23:36:56,460 - INFO - [AIEngine-1_44391472] - [Video: 1_443914728.mp4...] Processing task: Chunk at 990.00s (P=1000033.00)
2025-09-25 23:36:56,536 - INFO - [AIEngine-1_44391472] - [API] Sending 960000 bytes for transcription.
2025-09-25 23:36:59,658 - INFO - [AIEngine-1_44391472] - [API] Received 7 segments from server.
2025-09-25 23:36:59,659 - INFO - [AIEngine-1_44391472] - [Video: 1_443914728.mp4...] Added 8 segments from chunk 990.00s. Total segments: 462.
2025-09-25 23:36:59,659 - INFO - [AIEngine-1_44391472] - [Video: 1_443914728.mp4...] Regenerating subtitle file with 462 total segments.
2025-09-25 23:37:01,682 - INFO - [AIEngine-1_44391472] - [Video: 1_443914728.mp4...] Queueing IDLE chunk 23 (690.00s) with priority 1000023.00
2025-09-25 23:37:01,682 - INFO - [AIEngine-1_44391472] - [Video: 1_443914728.mp4...] Processing task: Chunk at 690.00s (P=1000023.00)
2025-09-25 23:37:01,763 - INFO - [AIEngine-1_44391472] - [API] Sending 960000 bytes for transcription.
2025-09-25 23:37:04,887 - INFO - [AIEngine-1_44391472] - [API] Received 6 segments from server.
2025-09-25 23:37:04,887 - INFO - [AIEngine-1_44391472] - [Video: 1_443914728.mp4...] Added 8 segments from chunk 690.00s. Total segments: 470.
2025-09-25 23:37:04,887 - INFO - [AIEngine-1_44391472] - [Video: 1_443914728.mp4...] Regenerating subtitle file with 470 total segments.
2025-09-25 23:37:06,909 - INFO - [AIEngine-1_44391472] - [Video: 1_443914728.mp4...] Queueing IDLE chunk 32 (960.00s) with priority 1000032.00
2025-09-25 23:37:06,909 - INFO - [AIEngine-1_44391472] - [Video: 1_443914728.mp4...] Processing task: Chunk at 960.00s (P=1000032.00)
2025-09-25 23:37:06,990 - INFO - [AIEngine-1_44391472] - [API] Sending 960000 bytes for transcription.
2025-09-25 23:37:10,503 - INFO - [AIEngine-1_44391472] - [API] Received 9 segments from server.
2025-09-25 23:37:10,503 - INFO - [AIEngine-1_44391472] - [Video: 1_443914728.mp4...] Added 13 segments from chunk 960.00s. Total segments: 483.
2025-09-25 23:37:10,503 - INFO - [AIEngine-1_44391472] - [Video: 1_443914728.mp4...] Regenerating subtitle file with 483 total segments.
2025-09-25 23:37:12,526 - INFO - [AIEngine-1_44391472] - [Video: 1_443914728.mp4...] Queueing IDLE chunk 24 (720.00s) with priority 1000024.00
2025-09-25 23:37:12,526 - INFO - [AIEngine-1_44391472] - [Video: 1_443914728.mp4...] Processing task: Chunk at 720.00s (P=1000024.00)
2025-09-25 23:37:12,597 - INFO - [AIEngine-1_44391472] - [API] Sending 960000 bytes for transcription.
2025-09-25 23:37:16,307 - INFO - [AIEngine-1_44391472] - [API] Received 9 segments from server.
2025-09-25 23:37:16,307 - INFO - [AIEngine-1_44391472] - [Video: 1_443914728.mp4...] Added 10 segments from chunk 720.00s. Total segments: 493.
2025-09-25 23:37:16,307 - INFO - [AIEngine-1_44391472] - [Video: 1_443914728.mp4...] Regenerating subtitle file with 493 total segments.
2025-09-25 23:37:18,330 - INFO - [AIEngine-1_44391472] - [Video: 1_443914728.mp4...] Queueing IDLE chunk 31 (930.00s) with priority 1000031.00
2025-09-25 23:37:18,330 - INFO - [AIEngine-1_44391472] - [Video: 1_443914728.mp4...] Processing task: Chunk at 930.00s (P=1000031.00)
2025-09-25 23:37:18,406 - INFO - [AIEngine-1_44391472] - [API] Sending 960000 bytes for transcription.
2025-09-25 23:37:21,809 - INFO - [AIEngine-1_44391472] - [API] Received 6 segments from server.
2025-09-25 23:37:21,809 - INFO - [AIEngine-1_44391472] - [Video: 1_443914728.mp4...] Added 11 segments from chunk 930.00s. Total segments: 504.
2025-09-25 23:37:21,810 - INFO - [AIEngine-1_44391472] - [Video: 1_443914728.mp4...] Regenerating subtitle file with 504 total segments.
2025-09-25 23:37:23,829 - INFO - [AIEngine-1_44391472] - [Video: 1_443914728.mp4...] Queueing IDLE chunk 25 (750.00s) with priority 1000025.00
2025-09-25 23:37:23,829 - INFO - [AIEngine-1_44391472] - [Video: 1_443914728.mp4...] Processing task: Chunk at 750.00s (P=1000025.00)
2025-09-25 23:37:23,908 - INFO - [AIEngine-1_44391472] - [API] Sending 960000 bytes for transcription.
2025-09-25 23:37:27,500 - INFO - [AIEngine-1_44391472] - [API] Received 9 segments from server.
2025-09-25 23:37:27,501 - INFO - [AIEngine-1_44391472] - [Video: 1_443914728.mp4...] Added 10 segments from chunk 750.00s. Total segments: 514.
2025-09-25 23:37:27,501 - INFO - [AIEngine-1_44391472] - [Video: 1_443914728.mp4...] Regenerating subtitle file with 514 total segments.
2025-09-25 23:37:29,522 - INFO - [AIEngine-1_44391472] - [Video: 1_443914728.mp4...] Queueing IDLE chunk 30 (900.00s) with priority 1000030.00
2025-09-25 23:37:29,522 - INFO - [AIEngine-1_44391472] - [Video: 1_443914728.mp4...] Processing task: Chunk at 900.00s (P=1000030.00)
2025-09-25 23:37:29,611 - INFO - [AIEngine-1_44391472] - [API] Sending 960000 bytes for transcription.
2025-09-25 23:37:32,421 - INFO - [AIEngine-1_44391472] - [API] Received 2 segments from server.
2025-09-25 23:37:32,421 - INFO - [AIEngine-1_44391472] - [Video: 1_443914728.mp4...] Added 2 segments from chunk 900.00s. Total segments: 516.
2025-09-25 23:37:32,421 - INFO - [AIEngine-1_44391472] - [Video: 1_443914728.mp4...] Regenerating subtitle file with 516 total segments.
2025-09-25 23:37:34,441 - INFO - [AIEngine-1_44391472] - [Video: 1_443914728.mp4...] Queueing IDLE chunk 26 (780.00s) with priority 1000026.00
2025-09-25 23:37:34,441 - INFO - [AIEngine-1_44391472] - [Video: 1_443914728.mp4...] Processing task: Chunk at 780.00s (P=1000026.00)
2025-09-25 23:37:34,526 - INFO - [AIEngine-1_44391472] - [API] Sending 960000 bytes for transcription.
2025-09-25 23:37:38,326 - INFO - [AIEngine-1_44391472] - [API] Received 13 segments from server.
2025-09-25 23:37:38,327 - INFO - [AIEngine-1_44391472] - [Video: 1_443914728.mp4...] Added 14 segments from chunk 780.00s. Total segments: 530.
2025-09-25 23:37:38,328 - INFO - [AIEngine-1_44391472] - [Video: 1_443914728.mp4...] Regenerating subtitle file with 530 total segments.
2025-09-25 23:37:40,349 - INFO - [AIEngine-1_44391472] - [Video: 1_443914728.mp4...] Queueing IDLE chunk 29 (870.00s) with priority 1000029.00
2025-09-25 23:37:40,349 - INFO - [AIEngine-1_44391472] - [Video: 1_443914728.mp4...] Processing task: Chunk at 870.00s (P=1000029.00)
2025-09-25 23:37:40,431 - INFO - [AIEngine-1_44391472] - [API] Sending 960000 bytes for transcription.
2025-09-25 23:37:43,580 - INFO - [AIEngine-1_44391472] - [API] Received 5 segments from server.
2025-09-25 23:37:43,580 - INFO - [AIEngine-1_44391472] - [Video: 1_443914728.mp4...] Added 7 segments from chunk 870.00s. Total segments: 537.
2025-09-25 23:37:43,580 - INFO - [AIEngine-1_44391472] - [Video: 1_443914728.mp4...] Regenerating subtitle file with 537 total segments.
2025-09-25 23:37:45,603 - INFO - [AIEngine-1_44391472] - [Video: 1_443914728.mp4...] Queueing IDLE chunk 27 (810.00s) with priority 1000027.00
2025-09-25 23:37:45,603 - INFO - [AIEngine-1_44391472] - [Video: 1_443914728.mp4...] Processing task: Chunk at 810.00s (P=1000027.00)
2025-09-25 23:37:45,685 - INFO - [AIEngine-1_44391472] - [API] Sending 960000 bytes for transcription.
2025-09-25 23:37:48,846 - INFO - [AIEngine-1_44391472] - [API] Received 6 segments from server.
2025-09-25 23:37:48,846 - INFO - [AIEngine-1_44391472] - [Video: 1_443914728.mp4...] Added 6 segments from chunk 810.00s. Total segments: 543.
2025-09-25 23:37:48,847 - INFO - [AIEngine-1_44391472] - [Video: 1_443914728.mp4...] Regenerating subtitle file with 543 total segments.
2025-09-25 23:37:50,868 - INFO - [AIEngine-1_44391472] - [Video: 1_443914728.mp4...] Queueing IDLE chunk 28 (840.00s) with priority 1000028.00
2025-09-25 23:37:50,869 - INFO - [AIEngine-1_44391472] - [Video: 1_443914728.mp4...] Processing task: Chunk at 840.00s (P=1000028.00)
2025-09-25 23:37:50,945 - INFO - [AIEngine-1_44391472] - [API] Sending 960000 bytes for transcription.
2025-09-25 23:37:53,854 - INFO - [AIEngine-1_44391472] - [API] Received 3 segments from server.
2025-09-25 23:37:53,855 - INFO - [AIEngine-1_44391472] - [Video: 1_443914728.mp4...] Added 4 segments from chunk 840.00s. Total segments: 547.
2025-09-25 23:37:53,855 - INFO - [AIEngine-1_44391472] - [Video: 1_443914728.mp4...] Regenerating subtitle file with 547 total segments.
2025-09-25 23:41:26,199 - INFO - [Thread-1] - [Video: 1_443914728.mp4...] Large seek detected from 0.00s to 457.16s. Resetting queue.
2025-09-25 23:41:26,199 - INFO - [Thread-1] - [Video: 1_443914728.mp4...] Seek detected. Task queue cleared.
2025-09-25 23:41:26,200 - INFO - [Thread-1] - [Playback] Playback resumed.
2025-09-25 23:43:02,902 - INFO - [Thread-1] - [Playback] Playback paused.
2025-09-25 23:43:40,475 - INFO - [Thread-1] - [Playback] Playback resumed.
2025-09-25 23:43:44,226 - INFO - [Thread-1] - [Playback] Playback paused.
2025-09-25 23:43:48,582 - INFO - [Thread-1] - [Playback] Playback resumed.
2025-09-25 23:43:54,433 - INFO - [Thread-1] - [Playback] Playback paused.
2025-09-25 23:44:04,876 - INFO - [Thread-1] - [Playback] Playback resumed.
2025-09-25 23:44:10,328 - INFO - [Thread-1] - [Playback] Playback paused.
2025-09-25 23:44:46,847 - INFO - [Thread-1] - [Playback] Playback resumed.
2025-09-25 23:45:34,845 - INFO - [Thread-1] - [Playback] Playback paused.
2025-09-25 23:45:43,286 - INFO - [Thread-1] - [Playback] Playback resumed.
